build/app/intermediates/manifest_merge_blame_file/debug/manifest-merger-blame-debug-report.txt
1<?xml version="1.0" encoding="utf-8"?>
2<manifest xmlns:android="http://schemas.android.com/apk/res/android"
3    package="com.amarkarigor"
4    android:versionCode="1"
5    android:versionName="1.0.0" >
6
7    <uses-sdk
8        android:minSdkVersion="19"
9        android:targetSdkVersion="30" />
10    <!--
11         Flutter needs it to communicate with the running application
12         to allow setting breakpoints, to provide hot reload, etc.
13    -->
14    <uses-permission android:name="android.permission.INTERNET" />
14-->src/debug/AndroidManifest.xml:6:5-66
14-->src/debug/AndroidManifest.xml:6:22-64
15
16    <queries>
16-->src/main/AndroidManifest.xml:3:5-19:13
17
18        <!-- If your app opens https URLs -->
19        <intent>
19-->src/main/AndroidManifest.xml:5:7-8:16
20            <action android:name="android.intent.action.VIEW" />
20-->src/main/AndroidManifest.xml:6:9-61
20-->src/main/AndroidManifest.xml:6:17-58
21
22            <data android:scheme="https" />
22-->src/main/AndroidManifest.xml:7:9-40
22-->src/main/AndroidManifest.xml:7:15-37
23        </intent>
24        <!-- If your app makes calls -->
25        <intent>
25-->src/main/AndroidManifest.xml:10:7-13:16
26            <action android:name="android.intent.action.DIAL" />
26-->src/main/AndroidManifest.xml:11:9-61
26-->src/main/AndroidManifest.xml:11:17-58
27
28            <data android:scheme="tel" />
28-->src/main/AndroidManifest.xml:7:9-40
28-->src/main/AndroidManifest.xml:7:15-37
29        </intent>
30        <!-- If your app emails -->
31        <intent>
31-->src/main/AndroidManifest.xml:15:7-18:16
32            <action android:name="android.intent.action.SEND" />
32-->src/main/AndroidManifest.xml:16:9-61
32-->src/main/AndroidManifest.xml:16:17-58
33
34            <data android:mimeType="*/*" />
34-->src/main/AndroidManifest.xml:7:9-40
35        </intent>
36    </queries>
37
38    <uses-permission android:name="android.permission.ACCESS_NETWORK_STATE" />
38-->[com.google.firebase:firebase-messaging:23.0.0] AndroidManifest.xml:22:5-79
38-->[com.google.firebase:firebase-messaging:23.0.0] AndroidManifest.xml:22:22-76
39    <uses-permission android:name="android.permission.WAKE_LOCK" /> <!-- Required by older versions of Google Play services to create IID tokens -->
39-->[com.google.firebase:firebase-messaging:23.0.0] AndroidManifest.xml:23:5-68
39-->[com.google.firebase:firebase-messaging:23.0.0] AndroidManifest.xml:23:22-65
40    <uses-permission android:name="com.google.android.c2dm.permission.RECEIVE" />
40-->[com.google.firebase:firebase-messaging:23.0.0] AndroidManifest.xml:25:5-82
40-->[com.google.firebase:firebase-messaging:23.0.0] AndroidManifest.xml:25:22-79
41    <uses-permission android:name="com.google.android.finsky.permission.BIND_GET_INSTALL_REFERRER_SERVICE" /> <!-- Include required permissions for Advertising Id -->
41-->[com.google.android.gms:play-services-measurement:20.0.2] AndroidManifest.xml:26:5-110
41-->[com.google.android.gms:play-services-measurement:20.0.2] AndroidManifest.xml:26:22-107
42    <uses-permission android:name="com.google.android.gms.permission.AD_ID" />
42-->[com.google.android.gms:play-services-ads-identifier:18.0.0] AndroidManifest.xml:23:5-79
42-->[com.google.android.gms:play-services-ads-identifier:18.0.0] AndroidManifest.xml:23:22-76
43
44    <application
44-->src/main/AndroidManifest.xml:20:4-62:19
45        android:appComponentFactory="androidx.core.app.CoreComponentFactory"
45-->[androidx.core:core:1.6.0] AndroidManifest.xml:24:18-86
46        android:debuggable="true"
47        android:icon="@mipmap/ic_launcher"
47-->src/main/AndroidManifest.xml:22:9-43
48        android:label="amarkarigor" >
48-->src/main/AndroidManifest.xml:21:9-36
49        <activity
49-->src/main/AndroidManifest.xml:23:9-56:20
50            android:name="com.amarkarigor.amarkarigor.MainActivity"
50-->src/main/AndroidManifest.xml:24:13-41
51            android:configChanges="orientation|keyboardHidden|keyboard|screenSize|smallestScreenSize|locale|layoutDirection|fontScale|screenLayout|density|uiMode"
51-->src/main/AndroidManifest.xml:27:13-163
52            android:hardwareAccelerated="true"
52-->src/main/AndroidManifest.xml:28:13-47
53            android:launchMode="singleTop"
53-->src/main/AndroidManifest.xml:25:13-43
54            android:theme="@style/LaunchTheme"
54-->src/main/AndroidManifest.xml:26:13-47
55            android:windowSoftInputMode="adjustResize" >
55-->src/main/AndroidManifest.xml:29:13-55
56
57            <!--
58                 Specifies an Android theme to apply to this Activity as soon as
59                 the Android process has started. This theme is visible to the user
60                 while the Flutter UI initializes. After that, this theme continues
61                 to determine the Window background behind the Flutter UI.
62            -->
63            <meta-data
63-->src/main/AndroidManifest.xml:34:13-37:17
64                android:name="io.flutter.embedding.android.NormalTheme"
64-->src/main/AndroidManifest.xml:35:15-70
65                android:resource="@style/NormalTheme" />
65-->src/main/AndroidManifest.xml:36:15-52
66            <!--
67                 Displays an Android View that continues showing the launch screen
68                 Drawable until Flutter paints its first frame, then this splash
69                 screen fades out. A splash screen is useful to avoid any visual
70                 gap between the end of Android's launch screen and the painting of
71                 Flutter's first frame.
72            -->
73            <meta-data
73-->src/main/AndroidManifest.xml:43:13-46:17
74                android:name="io.flutter.embedding.android.SplashScreenDrawable"
74-->src/main/AndroidManifest.xml:44:15-79
75                android:resource="@drawable/launch_background" />
75-->src/main/AndroidManifest.xml:45:15-61
76
77            <intent-filter>
77-->src/main/AndroidManifest.xml:47:13-50:29
78                <action android:name="android.intent.action.MAIN" />
78-->src/main/AndroidManifest.xml:48:17-68
78-->src/main/AndroidManifest.xml:48:25-66
79
80                <category android:name="android.intent.category.LAUNCHER" />
80-->src/main/AndroidManifest.xml:49:17-76
80-->src/main/AndroidManifest.xml:49:27-74
81            </intent-filter>
82            <intent-filter>
82-->src/main/AndroidManifest.xml:51:13-54:29
83                <action android:name="FLUTTER_NOTIFICATION_CLICK" />
83-->src/main/AndroidManifest.xml:52:15-67
83-->src/main/AndroidManifest.xml:52:23-64
84
85                <category android:name="android.intent.category.DEFAULT" />
85-->src/main/AndroidManifest.xml:53:15-74
85-->src/main/AndroidManifest.xml:53:25-71
86            </intent-filter>
87        </activity>
88        <!--
89             Don't delete the meta-data below.
90             This is used by the Flutter tool to generate GeneratedPluginRegistrant.java
91        -->
92        <meta-data
92-->src/main/AndroidManifest.xml:59:9-61:33
93            android:name="flutterEmbedding"
93-->src/main/AndroidManifest.xml:60:13-44
94            android:value="2" />
94-->src/main/AndroidManifest.xml:61:13-30
95
96        <service
96-->[:firebase_auth] AndroidManifest.xml:8:9-12:19
97            android:name="com.google.firebase.components.ComponentDiscoveryService"
97-->[:firebase_auth] AndroidManifest.xml:8:18-89
98            android:directBootAware="true"
98-->[com.google.firebase:firebase-common:20.0.0] AndroidManifest.xml:35:13-43
99            android:exported="false" >
99-->[com.google.firebase:firebase-messaging:23.0.0] AndroidManifest.xml:51:13-37
100            <meta-data
100-->[:firebase_auth] AndroidManifest.xml:9:13-11:85
101                android:name="com.google.firebase.components:io.flutter.plugins.firebase.auth.FlutterFirebaseAuthRegistrar"
101-->[:firebase_auth] AndroidManifest.xml:10:17-124
102                android:value="com.google.firebase.components.ComponentRegistrar" />
102-->[:firebase_auth] AndroidManifest.xml:11:17-82
103            <meta-data
103-->[:firebase_core] AndroidManifest.xml:9:13-11:85
104                android:name="com.google.firebase.components:io.flutter.plugins.firebase.core.FlutterFirebaseCoreRegistrar"
104-->[:firebase_core] AndroidManifest.xml:10:17-124
105                android:value="com.google.firebase.components.ComponentRegistrar" />
105-->[:firebase_core] AndroidManifest.xml:11:17-82
106            <meta-data
106-->[com.google.firebase:firebase-messaging:23.0.0] AndroidManifest.xml:52:13-54:85
107                android:name="com.google.firebase.components:com.google.firebase.messaging.FirebaseMessagingRegistrar"
107-->[com.google.firebase:firebase-messaging:23.0.0] AndroidManifest.xml:53:17-119
108                android:value="com.google.firebase.components.ComponentRegistrar" />
108-->[com.google.firebase:firebase-messaging:23.0.0] AndroidManifest.xml:54:17-82
109            <meta-data
109-->[com.google.firebase:firebase-datatransport:18.0.0] AndroidManifest.xml:28:13-30:85
110                android:name="com.google.firebase.components:com.google.firebase.datatransport.TransportRegistrar"
110-->[com.google.firebase:firebase-datatransport:18.0.0] AndroidManifest.xml:29:17-115
111                android:value="com.google.firebase.components.ComponentRegistrar" />
111-->[com.google.firebase:firebase-datatransport:18.0.0] AndroidManifest.xml:30:17-82
112            <meta-data
112-->[com.google.firebase:firebase-auth:21.0.1] AndroidManifest.xml:77:13-79:85
113                android:name="com.google.firebase.components:com.google.firebase.auth.FirebaseAuthRegistrar"
113-->[com.google.firebase:firebase-auth:21.0.1] AndroidManifest.xml:78:17-109
114                android:value="com.google.firebase.components.ComponentRegistrar" />
114-->[com.google.firebase:firebase-auth:21.0.1] AndroidManifest.xml:79:17-82
115            <meta-data
115-->[com.google.android.gms:play-services-measurement-api:20.0.2] AndroidManifest.xml:30:13-32:85
116                android:name="com.google.firebase.components:com.google.firebase.analytics.connector.internal.AnalyticsConnectorRegistrar"
116-->[com.google.android.gms:play-services-measurement-api:20.0.2] AndroidManifest.xml:31:17-139
117                android:value="com.google.firebase.components.ComponentRegistrar" />
117-->[com.google.android.gms:play-services-measurement-api:20.0.2] AndroidManifest.xml:32:17-82
118            <meta-data
118-->[com.google.firebase:firebase-installations:17.0.0] AndroidManifest.xml:18:13-20:85
119                android:name="com.google.firebase.components:com.google.firebase.installations.FirebaseInstallationsRegistrar"
119-->[com.google.firebase:firebase-installations:17.0.0] AndroidManifest.xml:19:17-127
120                android:value="com.google.firebase.components.ComponentRegistrar" />
120-->[com.google.firebase:firebase-installations:17.0.0] AndroidManifest.xml:20:17-82
121        </service>
122
123        <activity
123-->[:url_launcher_android] AndroidManifest.xml:8:9-11:74
124            android:name="io.flutter.plugins.urllauncher.WebViewActivity"
124-->[:url_launcher_android] AndroidManifest.xml:9:13-74
125            android:exported="false"
125-->[:url_launcher_android] AndroidManifest.xml:10:13-37
126            android:theme="@android:style/Theme.NoTitleBar.Fullscreen" />
126-->[:url_launcher_android] AndroidManifest.xml:11:13-71
127
128        <uses-library
128-->[androidx.window:window:1.0.0-beta04] AndroidManifest.xml:25:9-27:40
129            android:name="androidx.window.extensions"
129-->[androidx.window:window:1.0.0-beta04] AndroidManifest.xml:26:13-54
130            android:required="false" />
130-->[androidx.window:window:1.0.0-beta04] AndroidManifest.xml:27:13-37
131        <uses-library
131-->[androidx.window:window:1.0.0-beta04] AndroidManifest.xml:28:9-30:40
132            android:name="androidx.window.sidecar"
132-->[androidx.window:window:1.0.0-beta04] AndroidManifest.xml:29:13-51
133            android:required="false" />
133-->[androidx.window:window:1.0.0-beta04] AndroidManifest.xml:30:13-37
134
135        <receiver
135-->[com.google.firebase:firebase-messaging:23.0.0] AndroidManifest.xml:28:9-35:20
136            android:name="com.google.firebase.iid.FirebaseInstanceIdReceiver"
136-->[com.google.firebase:firebase-messaging:23.0.0] AndroidManifest.xml:29:13-78
137            android:exported="true"
137-->[com.google.firebase:firebase-messaging:23.0.0] AndroidManifest.xml:30:13-36
138            android:permission="com.google.android.c2dm.permission.SEND" >
138-->[com.google.firebase:firebase-messaging:23.0.0] AndroidManifest.xml:31:13-73
139            <intent-filter>
139-->[com.google.firebase:firebase-messaging:23.0.0] AndroidManifest.xml:32:13-34:29
140                <action android:name="com.google.android.c2dm.intent.RECEIVE" />
140-->[com.google.firebase:firebase-messaging:23.0.0] AndroidManifest.xml:33:17-81
140-->[com.google.firebase:firebase-messaging:23.0.0] AndroidManifest.xml:33:25-78
141            </intent-filter>
142        </receiver>
143        <!--
144             FirebaseMessagingService performs security checks at runtime,
145             but set to not exported to explicitly avoid allowing another app to call it.
146        -->
147        <service
147-->[com.google.firebase:firebase-messaging:23.0.0] AndroidManifest.xml:41:9-48:19
148            android:name="com.google.firebase.messaging.FirebaseMessagingService"
148-->[com.google.firebase:firebase-messaging:23.0.0] AndroidManifest.xml:42:13-82
149            android:directBootAware="true"
149-->[com.google.firebase:firebase-messaging:23.0.0] AndroidManifest.xml:43:13-43
150            android:exported="false" >
150-->[com.google.firebase:firebase-messaging:23.0.0] AndroidManifest.xml:44:13-37
151            <intent-filter android:priority="-500" >
151-->[com.google.firebase:firebase-messaging:23.0.0] AndroidManifest.xml:45:13-47:29
151-->[com.google.firebase:firebase-messaging:23.0.0] AndroidManifest.xml:45:28-51
152                <action android:name="com.google.firebase.MESSAGING_EVENT" />
152-->[com.google.firebase:firebase-messaging:23.0.0] AndroidManifest.xml:46:17-78
152-->[com.google.firebase:firebase-messaging:23.0.0] AndroidManifest.xml:46:25-75
153            </intent-filter>
154        </service>
155        <service
155-->[com.google.android.datatransport:transport-backend-cct:3.0.0] AndroidManifest.xml:29:9-35:19
156            android:name="com.google.android.datatransport.runtime.backends.TransportBackendDiscovery"
156-->[com.google.android.datatransport:transport-backend-cct:3.0.0] AndroidManifest.xml:30:13-103
157            android:exported="false" >
157-->[com.google.android.datatransport:transport-backend-cct:3.0.0] AndroidManifest.xml:31:13-37
158            <meta-data
158-->[com.google.android.datatransport:transport-backend-cct:3.0.0] AndroidManifest.xml:32:13-34:39
159                android:name="backend:com.google.android.datatransport.cct.CctBackendFactory"
159-->[com.google.android.datatransport:transport-backend-cct:3.0.0] AndroidManifest.xml:33:17-94
160                android:value="cct" />
160-->[com.google.android.datatransport:transport-backend-cct:3.0.0] AndroidManifest.xml:34:17-36
161        </service>
162
163        <activity
163-->[com.google.firebase:firebase-auth:21.0.1] AndroidManifest.xml:27:9-44:20
164            android:name="com.google.firebase.auth.internal.GenericIdpActivity"
164-->[com.google.firebase:firebase-auth:21.0.1] AndroidManifest.xml:28:13-80
165            android:excludeFromRecents="true"
165-->[com.google.firebase:firebase-auth:21.0.1] AndroidManifest.xml:29:13-46
166            android:exported="true"
166-->[com.google.firebase:firebase-auth:21.0.1] AndroidManifest.xml:30:13-36
167            android:launchMode="singleTask"
167-->[com.google.firebase:firebase-auth:21.0.1] AndroidManifest.xml:31:13-44
168            android:theme="@android:style/Theme.Translucent.NoTitleBar" >
168-->[com.google.firebase:firebase-auth:21.0.1] AndroidManifest.xml:32:13-72
169            <intent-filter>
169-->[com.google.firebase:firebase-auth:21.0.1] AndroidManifest.xml:33:13-43:29
170                <action android:name="android.intent.action.VIEW" />
170-->src/main/AndroidManifest.xml:6:9-61
170-->src/main/AndroidManifest.xml:6:17-58
171
172                <category android:name="android.intent.category.DEFAULT" />
172-->src/main/AndroidManifest.xml:53:15-74
172-->src/main/AndroidManifest.xml:53:25-71
173                <category android:name="android.intent.category.BROWSABLE" />
173-->[com.google.firebase:firebase-auth:21.0.1] AndroidManifest.xml:37:17-78
173-->[com.google.firebase:firebase-auth:21.0.1] AndroidManifest.xml:37:27-75
174
175                <data
175-->src/main/AndroidManifest.xml:7:9-40
176                    android:host="firebase.auth"
177                    android:path="/"
178                    android:scheme="genericidp" />
178-->src/main/AndroidManifest.xml:7:15-37
179            </intent-filter>
180        </activity>
181        <activity
181-->[com.google.firebase:firebase-auth:21.0.1] AndroidManifest.xml:45:9-62:20
182            android:name="com.google.firebase.auth.internal.RecaptchaActivity"
182-->[com.google.firebase:firebase-auth:21.0.1] AndroidManifest.xml:46:13-79
183            android:excludeFromRecents="true"
183-->[com.google.firebase:firebase-auth:21.0.1] AndroidManifest.xml:47:13-46
184            android:exported="true"
184-->[com.google.firebase:firebase-auth:21.0.1] AndroidManifest.xml:48:13-36
185            android:launchMode="singleTask"
185-->[com.google.firebase:firebase-auth:21.0.1] AndroidManifest.xml:49:13-44
186            android:theme="@android:style/Theme.Translucent.NoTitleBar" >
186-->[com.google.firebase:firebase-auth:21.0.1] AndroidManifest.xml:50:13-72
187            <intent-filter>
187-->[com.google.firebase:firebase-auth:21.0.1] AndroidManifest.xml:51:13-61:29
188                <action android:name="android.intent.action.VIEW" />
188-->src/main/AndroidManifest.xml:6:9-61
188-->src/main/AndroidManifest.xml:6:17-58
189
190                <category android:name="android.intent.category.DEFAULT" />
190-->src/main/AndroidManifest.xml:53:15-74
190-->src/main/AndroidManifest.xml:53:25-71
191                <category android:name="android.intent.category.BROWSABLE" />
191-->[com.google.firebase:firebase-auth:21.0.1] AndroidManifest.xml:37:17-78
191-->[com.google.firebase:firebase-auth:21.0.1] AndroidManifest.xml:37:27-75
192
193                <data
193-->src/main/AndroidManifest.xml:7:9-40
194                    android:host="firebase.auth"
195                    android:path="/"
196                    android:scheme="recaptcha" />
196-->src/main/AndroidManifest.xml:7:15-37
197            </intent-filter>
198        </activity>
199
200        <service
200-->[com.google.firebase:firebase-auth:21.0.1] AndroidManifest.xml:64:9-73:19
201            android:name="com.google.firebase.auth.api.fallback.service.FirebaseAuthFallbackService"
201-->[com.google.firebase:firebase-auth:21.0.1] AndroidManifest.xml:65:13-101
202            android:enabled="true"
202-->[com.google.firebase:firebase-auth:21.0.1] AndroidManifest.xml:66:13-35
203            android:exported="false" >
203-->[com.google.firebase:firebase-auth:21.0.1] AndroidManifest.xml:67:13-37
204            <intent-filter>
204-->[com.google.firebase:firebase-auth:21.0.1] AndroidManifest.xml:68:13-72:29
205                <action android:name="com.google.firebase.auth.api.gms.service.START" />
205-->[com.google.firebase:firebase-auth:21.0.1] AndroidManifest.xml:69:17-89
205-->[com.google.firebase:firebase-auth:21.0.1] AndroidManifest.xml:69:25-86
206
207                <category android:name="android.intent.category.DEFAULT" />
207-->src/main/AndroidManifest.xml:53:15-74
207-->src/main/AndroidManifest.xml:53:25-71
208            </intent-filter>
209        </service>
210
211        <provider
211-->[com.google.firebase:firebase-common:20.0.0] AndroidManifest.xml:26:9-31:39
212            android:name="com.google.firebase.provider.FirebaseInitProvider"
212-->[com.google.firebase:firebase-common:20.0.0] AndroidManifest.xml:27:13-77
213            android:authorities="com.amarkarigor.firebaseinitprovider"
213-->[com.google.firebase:firebase-common:20.0.0] AndroidManifest.xml:28:13-72
214            android:directBootAware="true"
214-->[com.google.firebase:firebase-common:20.0.0] AndroidManifest.xml:29:13-43
215            android:exported="false"
215-->[com.google.firebase:firebase-common:20.0.0] AndroidManifest.xml:30:13-37
216            android:initOrder="100" />
216-->[com.google.firebase:firebase-common:20.0.0] AndroidManifest.xml:31:13-36
217
218        <service
218-->[com.google.android.datatransport:transport-runtime:3.0.0] AndroidManifest.xml:26:9-30:19
219            android:name="com.google.android.datatransport.runtime.scheduling.jobscheduling.JobInfoSchedulerService"
219-->[com.google.android.datatransport:transport-runtime:3.0.0] AndroidManifest.xml:27:13-117
220            android:exported="false"
220-->[com.google.android.datatransport:transport-runtime:3.0.0] AndroidManifest.xml:28:13-37
221            android:permission="android.permission.BIND_JOB_SERVICE" >
221-->[com.google.android.datatransport:transport-runtime:3.0.0] AndroidManifest.xml:29:13-69
222        </service>
223
224        <receiver
224-->[com.google.android.datatransport:transport-runtime:3.0.0] AndroidManifest.xml:32:9-34:40
225            android:name="com.google.android.datatransport.runtime.scheduling.jobscheduling.AlarmManagerSchedulerBroadcastReceiver"
225-->[com.google.android.datatransport:transport-runtime:3.0.0] AndroidManifest.xml:33:13-132
226            android:exported="false" />
226-->[com.google.android.datatransport:transport-runtime:3.0.0] AndroidManifest.xml:34:13-37
227
228        <activity
228-->[com.google.android.gms:play-services-base:17.1.0] AndroidManifest.xml:23:9-26:75
229            android:name="com.google.android.gms.common.api.GoogleApiActivity"
229-->[com.google.android.gms:play-services-base:17.1.0] AndroidManifest.xml:24:13-79
230            android:exported="false"
230-->[com.google.android.gms:play-services-base:17.1.0] AndroidManifest.xml:25:13-37
231            android:theme="@android:style/Theme.Translucent.NoTitleBar" />
231-->[com.google.android.gms:play-services-base:17.1.0] AndroidManifest.xml:26:13-72
232
233        <receiver
233-->[com.google.android.gms:play-services-measurement:20.0.2] AndroidManifest.xml:29:9-33:20
234            android:name="com.google.android.gms.measurement.AppMeasurementReceiver"
234-->[com.google.android.gms:play-services-measurement:20.0.2] AndroidManifest.xml:30:13-85
235            android:enabled="true"
235-->[com.google.android.gms:play-services-measurement:20.0.2] AndroidManifest.xml:31:13-35
236            android:exported="false" >
236-->[com.google.android.gms:play-services-measurement:20.0.2] AndroidManifest.xml:32:13-37
237        </receiver>
238
239        <service
239-->[com.google.android.gms:play-services-measurement:20.0.2] AndroidManifest.xml:35:9-38:40
240            android:name="com.google.android.gms.measurement.AppMeasurementService"
240-->[com.google.android.gms:play-services-measurement:20.0.2] AndroidManifest.xml:36:13-84
241            android:enabled="true"
241-->[com.google.android.gms:play-services-measurement:20.0.2] AndroidManifest.xml:37:13-35
242            android:exported="false" />
242-->[com.google.android.gms:play-services-measurement:20.0.2] AndroidManifest.xml:38:13-37
243        <service
243-->[com.google.android.gms:play-services-measurement:20.0.2] AndroidManifest.xml:39:9-43:72
244            android:name="com.google.android.gms.measurement.AppMeasurementJobService"
244-->[com.google.android.gms:play-services-measurement:20.0.2] AndroidManifest.xml:40:13-87
245            android:enabled="true"
245-->[com.google.android.gms:play-services-measurement:20.0.2] AndroidManifest.xml:41:13-35
246            android:exported="false"
246-->[com.google.android.gms:play-services-measurement:20.0.2] AndroidManifest.xml:42:13-37
247            android:permission="android.permission.BIND_JOB_SERVICE" />
247-->[com.google.android.gms:play-services-measurement:20.0.2] AndroidManifest.xml:43:13-69
248
249        <meta-data
249-->[com.google.android.gms:play-services-basement:18.0.0] AndroidManifest.xml:21:9-23:69
250            android:name="com.google.android.gms.version"
250-->[com.google.android.gms:play-services-basement:18.0.0] AndroidManifest.xml:22:13-58
251            android:value="@integer/google_play_services_version" />
251-->[com.google.android.gms:play-services-basement:18.0.0] AndroidManifest.xml:23:13-66
252    </application>
253
254</manifest>